Build started 2014/5/3 20:21:41.
     1>Project "D:\workspace\PhysiAnim\FinalProj\cuda\FinalProject-PBDWater-master\PROJ_WIN\Project3\Project3.vcxproj" on node 2 (build target(s)).
     1>InitializeBuildStatus:
         Touching "Debug\FinalProject.unsuccessfulbuild".
       AddCudaCompileDeps:
         d:\Program Files\Microsoft Visual Studio 10.0\VC\bin\cl.exe /E /nologo /showIncludes /TP /D__CUDACC__ /DWIN32 /D_DEBUG /D_CONSOLE /D_MBCS /I"D:\Program Files\NVidia\NVIDIA GPU Computing Toolkit\CUDA\v6.0\include" /I"D:\Program Files\NVidia\NVIDIA GPU Computing Toolkit\CUDA\v6.0\Samples\common\inc" /I../shared/glew/includes /I../shared/freeglut/includes /I"D:\Program Files\NVidia\NVIDIA GPU Computing Toolkit\CUDA\v6.0\include" /I"D:\Program Files\NVidia\NVIDIA GPU Computing Toolkit\CUDA\v6.0\Samples\common\inc" /I../shared/glew/includes /I../shared/freeglut/includes /I"D:\Program Files\NVidia\NVIDIA GPU Computing Toolkit\CUDA\v6.0\bin" /I"D:\Program Files\NVidia\NVIDIA GPU Computing Toolkit\CUDA\v6.0\include" /I. /FIcuda_runtime.h /c D:\workspace\PhysiAnim\FinalProj\cuda\FinalProject-PBDWater-master\src\kernel.cu 
       AddCudaCompilePropsDeps:
       Skipping target "AddCudaCompilePropsDeps" because all output files are up-to-date with respect to the input files.
       CudaBuild:
         Compiling CUDA source file ..\..\src\kernel.cu...
         cmd.exe /C "C:\Users\chiwsy\AppData\Local\Temp\7cd8717427af4e00898dd28fb2408c1d.cmd"
         "D:\Program Files\NVidia\NVIDIA GPU Computing Toolkit\CUDA\v6.0\bin\nvcc.exe" -gencode=arch=compute_10,code=\"sm_10,compute_10\" -gencode=arch=compute_20,code=\"sm_20,compute_20\" --use-local-env --cl-version 2010 -ccbin "d:\Program Files\Microsoft Visual Studio 10.0\VC\bin"  -I"D:\Program Files\NVidia\NVIDIA GPU Computing Toolkit\CUDA\v6.0\include" -I"D:\Program Files\NVidia\NVIDIA GPU Computing Toolkit\CUDA\v6.0\Samples\common\inc" -I../shared/glew/includes -I../shared/freeglut/includes -I"D:\Program Files\NVidia\NVIDIA GPU Computing Toolkit\CUDA\v6.0\include" -I"D:\Program Files\NVidia\NVIDIA GPU Computing Toolkit\CUDA\v6.0\Samples\common\inc" -I../shared/glew/includes -I../shared/freeglut/includes -I"D:\Program Files\NVidia\NVIDIA GPU Computing Toolkit\CUDA\v6.0\include"  -G -lineinfo  --keep-dir Debug -maxrregcount=0  --machine 32 --compile -cudart static  -g   -DWIN32 -D_DEBUG -D_CONSOLE -D_MBCS -Xcompiler "/EHsc /W3 /nologo /Od /Zi /RTC1 /MDd  " -o D:\workspace\PhysiAnim\FinalProj\cuda\FinalProject-PBDWater-master\PROJ_WIN\Project3\Win32/Debug/kernel.cu.obj "D:\workspace\PhysiAnim\FinalProj\cuda\FinalProject-PBDWater-master\src\kernel.cu"
         
         D:\workspace\PhysiAnim\FinalProj\cuda\FinalProject-PBDWater-master\PROJ_WIN\Project3>"D:\Program Files\NVidia\NVIDIA GPU Computing Toolkit\CUDA\v6.0\bin\nvcc.exe" -gencode=arch=compute_10,code=\"sm_10,compute_10\" -gencode=arch=compute_20,code=\"sm_20,compute_20\" --use-local-env --cl-version 2010 -ccbin "d:\Program Files\Microsoft Visual Studio 10.0\VC\bin"  -I"D:\Program Files\NVidia\NVIDIA GPU Computing Toolkit\CUDA\v6.0\include" -I"D:\Program Files\NVidia\NVIDIA GPU Computing Toolkit\CUDA\v6.0\Samples\common\inc" -I../shared/glew/includes -I../shared/freeglut/includes -I"D:\Program Files\NVidia\NVIDIA GPU Computing Toolkit\CUDA\v6.0\include" -I"D:\Program Files\NVidia\NVIDIA GPU Computing Toolkit\CUDA\v6.0\Samples\common\inc" -I../shared/glew/includes -I../shared/freeglut/includes -I"D:\Program Files\NVidia\NVIDIA GPU Computing Toolkit\CUDA\v6.0\include"  -G -lineinfo  --keep-dir Debug -maxrregcount=0  --machine 32 --compile -cudart static  -g   -DWIN32 -D_DEBUG -D_CONSOLE -D_MBCS -Xcompiler "/EHsc /W3 /nologo /Od /Zi /RTC1 /MDd  " -o D:\workspace\PhysiAnim\FinalProj\cuda\FinalProject-PBDWater-master\PROJ_WIN\Project3\Win32/Debug/kernel.cu.obj "D:\workspace\PhysiAnim\FinalProj\cuda\FinalProject-PBDWater-master\src\kernel.cu" 
     1>nvcc : warning : The 'compute_10' and 'sm_10' architectures are deprecated, and may be removed in a future release.
     1>d:\program files\nvidia\nvidia gpu computing toolkit\cuda\v6.0\include\math_functions.h : warning C4819: The file contains a character that cannot be represented in the current code page (936). Save the file in Unicode format to prevent data loss
     1>d:\program files\nvidia\nvidia gpu computing toolkit\cuda\v6.0\include\math_functions.h(870): warning C4819: The file contains a character that cannot be represented in the current code page (936). Save the file in Unicode format to prevent data loss
     1>d:\program files\nvidia\nvidia gpu computing toolkit\cuda\v6.0\include\math_functions.h(1850): warning C4819: The file contains a character that cannot be represented in the current code page (936). Save the file in Unicode format to prevent data loss
     1>d:\program files\nvidia\nvidia gpu computing toolkit\cuda\v6.0\include\math_functions.h(2751): warning C4819: The file contains a character that cannot be represented in the current code page (936). Save the file in Unicode format to prevent data loss
     1>d:\program files\nvidia\nvidia gpu computing toolkit\cuda\v6.0\include\math_functions.h(3698): warning C4819: The file contains a character that cannot be represented in the current code page (936). Save the file in Unicode format to prevent data loss
     1>d:\program files\nvidia\nvidia gpu computing toolkit\cuda\v6.0\include\math_functions.h(4617): warning C4819: The file contains a character that cannot be represented in the current code page (936). Save the file in Unicode format to prevent data loss
     1>d:\program files\nvidia\nvidia gpu computing toolkit\cuda\v6.0\include\math_functions.h(5509): warning C4819: The file contains a character that cannot be represented in the current code page (936). Save the file in Unicode format to prevent data loss
     1>d:\program files\nvidia\nvidia gpu computing toolkit\cuda\v6.0\include\math_functions.h(6392): warning C4819: The file contains a character that cannot be represented in the current code page (936). Save the file in Unicode format to prevent data loss
     1>d:\program files\nvidia\nvidia gpu computing toolkit\cuda\v6.0\include\math_functions.h(7307): warning C4819: The file contains a character that cannot be represented in the current code page (936). Save the file in Unicode format to prevent data loss
     1>d:\program files\nvidia\nvidia gpu computing toolkit\cuda\v6.0\include\device_functions.h : warning C4819: The file contains a character that cannot be represented in the current code page (936). Save the file in Unicode format to prevent data loss
     1>d:\program files\nvidia\nvidia gpu computing toolkit\cuda\v6.0\include\device_functions.h(783): warning C4819: The file contains a character that cannot be represented in the current code page (936). Save the file in Unicode format to prevent data loss
     1>d:\program files\nvidia\nvidia gpu computing toolkit\cuda\v6.0\include\device_functions.h(1659): warning C4819: The file contains a character that cannot be represented in the current code page (936). Save the file in Unicode format to prevent data loss
     1>d:\program files\nvidia\nvidia gpu computing toolkit\cuda\v6.0\include\sm_13_double_functions.h : warning C4819: The file contains a character that cannot be represented in the current code page (936). Save the file in Unicode format to prevent data loss
     1>D:/workspace/PhysiAnim/FinalProj/cuda/FinalProject-PBDWater-master/src/kernel.cu(25): warning : variable "starMass" was declared but never referenced
         
     1>d:\program files\nvidia\nvidia gpu computing toolkit\cuda\v6.0\include\math_functions.h : warning C4819: The file contains a character that cannot be represented in the current code page (936). Save the file in Unicode format to prevent data loss
     1>d:\program files\nvidia\nvidia gpu computing toolkit\cuda\v6.0\include\math_functions.h(870): warning C4819: The file contains a character that cannot be represented in the current code page (936). Save the file in Unicode format to prevent data loss
     1>d:\program files\nvidia\nvidia gpu computing toolkit\cuda\v6.0\include\math_functions.h(1850): warning C4819: The file contains a character that cannot be represented in the current code page (936). Save the file in Unicode format to prevent data loss
     1>d:\program files\nvidia\nvidia gpu computing toolkit\cuda\v6.0\include\math_functions.h(2751): warning C4819: The file contains a character that cannot be represented in the current code page (936). Save the file in Unicode format to prevent data loss
     1>d:\program files\nvidia\nvidia gpu computing toolkit\cuda\v6.0\include\math_functions.h(3698): warning C4819: The file contains a character that cannot be represented in the current code page (936). Save the file in Unicode format to prevent data loss
     1>d:\program files\nvidia\nvidia gpu computing toolkit\cuda\v6.0\include\math_functions.h(4617): warning C4819: The file contains a character that cannot be represented in the current code page (936). Save the file in Unicode format to prevent data loss
     1>d:\program files\nvidia\nvidia gpu computing toolkit\cuda\v6.0\include\math_functions.h(5509): warning C4819: The file contains a character that cannot be represented in the current code page (936). Save the file in Unicode format to prevent data loss
     1>d:\program files\nvidia\nvidia gpu computing toolkit\cuda\v6.0\include\math_functions.h(6392): warning C4819: The file contains a character that cannot be represented in the current code page (936). Save the file in Unicode format to prevent data loss
     1>d:\program files\nvidia\nvidia gpu computing toolkit\cuda\v6.0\include\math_functions.h(7307): warning C4819: The file contains a character that cannot be represented in the current code page (936). Save the file in Unicode format to prevent data loss
     1>d:\program files\nvidia\nvidia gpu computing toolkit\cuda\v6.0\include\device_functions.h : warning C4819: The file contains a character that cannot be represented in the current code page (936). Save the file in Unicode format to prevent data loss
     1>d:\program files\nvidia\nvidia gpu computing toolkit\cuda\v6.0\include\device_functions.h(783): warning C4819: The file contains a character that cannot be represented in the current code page (936). Save the file in Unicode format to prevent data loss
     1>d:\program files\nvidia\nvidia gpu computing toolkit\cuda\v6.0\include\device_functions.h(1659): warning C4819: The file contains a character that cannot be represented in the current code page (936). Save the file in Unicode format to prevent data loss
     1>d:\program files\nvidia\nvidia gpu computing toolkit\cuda\v6.0\include\sm_13_double_functions.h : warning C4819: The file contains a character that cannot be represented in the current code page (936). Save the file in Unicode format to prevent data loss
     1>D:/workspace/PhysiAnim/FinalProj/cuda/FinalProject-PBDWater-master/src/kernel.cu(25): warning : variable "starMass" was declared but never referenced
         
     1>d:\workspace\physianim\finalproj\cuda\finalproject-pbdwater-master\src\glm\core\func_exponential.inl(149): warning : calling a __host__ function("_wassert") from a __host__ __device__ function("glm::inversesqrt<float> ") is not allowed
         
     1>d:\program files\nvidia\nvidia gpu computing toolkit\cuda\v6.0\include\math_functions.h : warning C4819: The file contains a character that cannot be represented in the current code page (936). Save the file in Unicode format to prevent data loss
     1>d:\program files\nvidia\nvidia gpu computing toolkit\cuda\v6.0\include\math_functions.h(870): warning C4819: The file contains a character that cannot be represented in the current code page (936). Save the file in Unicode format to prevent data loss
     1>d:\program files\nvidia\nvidia gpu computing toolkit\cuda\v6.0\include\math_functions.h(1850): warning C4819: The file contains a character that cannot be represented in the current code page (936). Save the file in Unicode format to prevent data loss
     1>d:\program files\nvidia\nvidia gpu computing toolkit\cuda\v6.0\include\math_functions.h(2751): warning C4819: The file contains a character that cannot be represented in the current code page (936). Save the file in Unicode format to prevent data loss
     1>d:\program files\nvidia\nvidia gpu computing toolkit\cuda\v6.0\include\math_functions.h(3698): warning C4819: The file contains a character that cannot be represented in the current code page (936). Save the file in Unicode format to prevent data loss
     1>d:\program files\nvidia\nvidia gpu computing toolkit\cuda\v6.0\include\math_functions.h(4617): warning C4819: The file contains a character that cannot be represented in the current code page (936). Save the file in Unicode format to prevent data loss
     1>d:\program files\nvidia\nvidia gpu computing toolkit\cuda\v6.0\include\math_functions.h(5509): warning C4819: The file contains a character that cannot be represented in the current code page (936). Save the file in Unicode format to prevent data loss
     1>d:\program files\nvidia\nvidia gpu computing toolkit\cuda\v6.0\include\math_functions.h(6392): warning C4819: The file contains a character that cannot be represented in the current code page (936). Save the file in Unicode format to prevent data loss
     1>d:\program files\nvidia\nvidia gpu computing toolkit\cuda\v6.0\include\math_functions.h(7307): warning C4819: The file contains a character that cannot be represented in the current code page (936). Save the file in Unicode format to prevent data loss
     1>d:\program files\nvidia\nvidia gpu computing toolkit\cuda\v6.0\include\math_functions.h : warning C4819: The file contains a character that cannot be represented in the current code page (936). Save the file in Unicode format to prevent data loss
     1>d:\program files\nvidia\nvidia gpu computing toolkit\cuda\v6.0\include\math_functions.h(870): warning C4819: The file contains a character that cannot be represented in the current code page (936). Save the file in Unicode format to prevent data loss
     1>d:\program files\nvidia\nvidia gpu computing toolkit\cuda\v6.0\include\math_functions.h(1850): warning C4819: The file contains a character that cannot be represented in the current code page (936). Save the file in Unicode format to prevent data loss
     1>d:\program files\nvidia\nvidia gpu computing toolkit\cuda\v6.0\include\math_functions.h(2751): warning C4819: The file contains a character that cannot be represented in the current code page (936). Save the file in Unicode format to prevent data loss
     1>d:\program files\nvidia\nvidia gpu computing toolkit\cuda\v6.0\include\math_functions.h(3698): warning C4819: The file contains a character that cannot be represented in the current code page (936). Save the file in Unicode format to prevent data loss
     1>d:\program files\nvidia\nvidia gpu computing toolkit\cuda\v6.0\include\math_functions.h(4617): warning C4819: The file contains a character that cannot be represented in the current code page (936). Save the file in Unicode format to prevent data loss
     1>d:\program files\nvidia\nvidia gpu computing toolkit\cuda\v6.0\include\math_functions.h(5509): warning C4819: The file contains a character that cannot be represented in the current code page (936). Save the file in Unicode format to prevent data loss
     1>d:\program files\nvidia\nvidia gpu computing toolkit\cuda\v6.0\include\math_functions.h(6392): warning C4819: The file contains a character that cannot be represented in the current code page (936). Save the file in Unicode format to prevent data loss
     1>d:\program files\nvidia\nvidia gpu computing toolkit\cuda\v6.0\include\math_functions.h(7307): warning C4819: The file contains a character that cannot be represented in the current code page (936). Save the file in Unicode format to prevent data loss
     1>d:\program files\nvidia\nvidia gpu computing toolkit\cuda\v6.0\include\device_functions.h : warning C4819: The file contains a character that cannot be represented in the current code page (936). Save the file in Unicode format to prevent data loss
     1>d:\program files\nvidia\nvidia gpu computing toolkit\cuda\v6.0\include\device_functions.h(783): warning C4819: The file contains a character that cannot be represented in the current code page (936). Save the file in Unicode format to prevent data loss
     1>d:\program files\nvidia\nvidia gpu computing toolkit\cuda\v6.0\include\device_functions.h(1659): warning C4819: The file contains a character that cannot be represented in the current code page (936). Save the file in Unicode format to prevent data loss
     1>d:\program files\nvidia\nvidia gpu computing toolkit\cuda\v6.0\include\sm_13_double_functions.h : warning C4819: The file contains a character that cannot be represented in the current code page (936). Save the file in Unicode format to prevent data loss
     1>d:\program files\nvidia\nvidia gpu computing toolkit\cuda\v6.0\include\math_functions.h : warning C4819: The file contains a character that cannot be represented in the current code page (936). Save the file in Unicode format to prevent data loss
     1>d:\program files\nvidia\nvidia gpu computing toolkit\cuda\v6.0\include\math_functions.h(870): warning C4819: The file contains a character that cannot be represented in the current code page (936). Save the file in Unicode format to prevent data loss
     1>d:\program files\nvidia\nvidia gpu computing toolkit\cuda\v6.0\include\math_functions.h(1850): warning C4819: The file contains a character that cannot be represented in the current code page (936). Save the file in Unicode format to prevent data loss
     1>d:\program files\nvidia\nvidia gpu computing toolkit\cuda\v6.0\include\math_functions.h(2751): warning C4819: The file contains a character that cannot be represented in the current code page (936). Save the file in Unicode format to prevent data loss
     1>d:\program files\nvidia\nvidia gpu computing toolkit\cuda\v6.0\include\math_functions.h(3698): warning C4819: The file contains a character that cannot be represented in the current code page (936). Save the file in Unicode format to prevent data loss
     1>d:\program files\nvidia\nvidia gpu computing toolkit\cuda\v6.0\include\math_functions.h(4617): warning C4819: The file contains a character that cannot be represented in the current code page (936). Save the file in Unicode format to prevent data loss
     1>d:\program files\nvidia\nvidia gpu computing toolkit\cuda\v6.0\include\math_functions.h(5509): warning C4819: The file contains a character that cannot be represented in the current code page (936). Save the file in Unicode format to prevent data loss
     1>d:\program files\nvidia\nvidia gpu computing toolkit\cuda\v6.0\include\math_functions.h(6392): warning C4819: The file contains a character that cannot be represented in the current code page (936). Save the file in Unicode format to prevent data loss
     1>d:\program files\nvidia\nvidia gpu computing toolkit\cuda\v6.0\include\math_functions.h(7307): warning C4819: The file contains a character that cannot be represented in the current code page (936). Save the file in Unicode format to prevent data loss
     1>d:\program files\nvidia\nvidia gpu computing toolkit\cuda\v6.0\include\math_functions.h : warning C4819: The file contains a character that cannot be represented in the current code page (936). Save the file in Unicode format to prevent data loss
     1>d:\program files\nvidia\nvidia gpu computing toolkit\cuda\v6.0\include\math_functions.h(870): warning C4819: The file contains a character that cannot be represented in the current code page (936). Save the file in Unicode format to prevent data loss
     1>d:\program files\nvidia\nvidia gpu computing toolkit\cuda\v6.0\include\math_functions.h(1850): warning C4819: The file contains a character that cannot be represented in the current code page (936). Save the file in Unicode format to prevent data loss
     1>d:\program files\nvidia\nvidia gpu computing toolkit\cuda\v6.0\include\math_functions.h(2751): warning C4819: The file contains a character that cannot be represented in the current code page (936). Save the file in Unicode format to prevent data loss
     1>d:\program files\nvidia\nvidia gpu computing toolkit\cuda\v6.0\include\math_functions.h(3698): warning C4819: The file contains a character that cannot be represented in the current code page (936). Save the file in Unicode format to prevent data loss
     1>d:\program files\nvidia\nvidia gpu computing toolkit\cuda\v6.0\include\math_functions.h(4617): warning C4819: The file contains a character that cannot be represented in the current code page (936). Save the file in Unicode format to prevent data loss
     1>d:\program files\nvidia\nvidia gpu computing toolkit\cuda\v6.0\include\math_functions.h(5509): warning C4819: The file contains a character that cannot be represented in the current code page (936). Save the file in Unicode format to prevent data loss
     1>d:\program files\nvidia\nvidia gpu computing toolkit\cuda\v6.0\include\math_functions.h(6392): warning C4819: The file contains a character that cannot be represented in the current code page (936). Save the file in Unicode format to prevent data loss
     1>d:\program files\nvidia\nvidia gpu computing toolkit\cuda\v6.0\include\math_functions.h(7307): warning C4819: The file contains a character that cannot be represented in the current code page (936). Save the file in Unicode format to prevent data loss
     1>d:\program files\nvidia\nvidia gpu computing toolkit\cuda\v6.0\include\device_functions_decls.h : warning C4819: The file contains a character that cannot be represented in the current code page (936). Save the file in Unicode format to prevent data loss
     1>d:\program files\nvidia\nvidia gpu computing toolkit\cuda\v6.0\include\device_functions_decls.h(948): warning C4819: The file contains a character that cannot be represented in the current code page (936). Save the file in Unicode format to prevent data loss
     1>d:\program files\nvidia\nvidia gpu computing toolkit\cuda\v6.0\include\device_functions_decls.h(1984): warning C4819: The file contains a character that cannot be represented in the current code page (936). Save the file in Unicode format to prevent data loss
     1>d:\program files\nvidia\nvidia gpu computing toolkit\cuda\v6.0\include\device_functions_decls.h(2932): warning C4819: The file contains a character that cannot be represented in the current code page (936). Save the file in Unicode format to prevent data loss
     1>d:\program files\nvidia\nvidia gpu computing toolkit\cuda\v6.0\include\device_functions_decls.h(3882): warning C4819: The file contains a character that cannot be represented in the current code page (936). Save the file in Unicode format to prevent data loss
     1>d:\program files\nvidia\nvidia gpu computing toolkit\cuda\v6.0\include\device_functions_decls.h(4853): warning C4819: The file contains a character that cannot be represented in the current code page (936). Save the file in Unicode format to prevent data loss
     1>d:\program files\nvidia\nvidia gpu computing toolkit\cuda\v6.0\include\device_functions_decls.h(5899): warning C4819: The file contains a character that cannot be represented in the current code page (936). Save the file in Unicode format to prevent data loss
     1>d:\program files\nvidia\nvidia gpu computing toolkit\cuda\v6.0\include\device_functions_decls.h(6842): warning C4819: The file contains a character that cannot be represented in the current code page (936). Save the file in Unicode format to prevent data loss
     1>d:\program files\nvidia\nvidia gpu computing toolkit\cuda\v6.0\include\device_functions_decls.h(7786): warning C4819: The file contains a character that cannot be represented in the current code page (936). Save the file in Unicode format to prevent data loss
     1>d:\program files\nvidia\nvidia gpu computing toolkit\cuda\v6.0\include\device_functions_decls.h(8712): warning C4819: The file contains a character that cannot be represented in the current code page (936). Save the file in Unicode format to prevent data loss
     1>d:\program files\nvidia\nvidia gpu computing toolkit\cuda\v6.0\include\device_functions_decls.h(9705): warning C4819: The file contains a character that cannot be represented in the current code page (936). Save the file in Unicode format to prevent data loss
     1>d:\program files\nvidia\nvidia gpu computing toolkit\cuda\v6.0\include\device_functions_decls.h(10766): warning C4819: The file contains a character that cannot be represented in the current code page (936). Save the file in Unicode format to prevent data loss
     1>d:\program files\nvidia\nvidia gpu computing toolkit\cuda\v6.0\include\device_functions.h : warning C4819: The file contains a character that cannot be represented in the current code page (936). Save the file in Unicode format to prevent data loss
     1>d:\program files\nvidia\nvidia gpu computing toolkit\cuda\v6.0\include\device_functions.h(783): warning C4819: The file contains a character that cannot be represented in the current code page (936). Save the file in Unicode format to prevent data loss
     1>d:\program files\nvidia\nvidia gpu computing toolkit\cuda\v6.0\include\device_functions.h(1659): warning C4819: The file contains a character that cannot be represented in the current code page (936). Save the file in Unicode format to prevent data loss
     1>d:\program files\nvidia\nvidia gpu computing toolkit\cuda\v6.0\include\sm_13_double_functions.h : warning C4819: The file contains a character that cannot be represented in the current code page (936). Save the file in Unicode format to prevent data loss
     1>d:\program files\nvidia\nvidia gpu computing toolkit\cuda\v6.0\include\math_functions.h : warning C4819: The file contains a character that cannot be represented in the current code page (936). Save the file in Unicode format to prevent data loss
     1>d:\program files\nvidia\nvidia gpu computing toolkit\cuda\v6.0\include\math_functions.h(870): warning C4819: The file contains a character that cannot be represented in the current code page (936). Save the file in Unicode format to prevent data loss
     1>d:\program files\nvidia\nvidia gpu computing toolkit\cuda\v6.0\include\math_functions.h(1850): warning C4819: The file contains a character that cannot be represented in the current code page (936). Save the file in Unicode format to prevent data loss
     1>d:\program files\nvidia\nvidia gpu computing toolkit\cuda\v6.0\include\math_functions.h(2751): warning C4819: The file contains a character that cannot be represented in the current code page (936). Save the file in Unicode format to prevent data loss
     1>d:\program files\nvidia\nvidia gpu computing toolkit\cuda\v6.0\include\math_functions.h(3698): warning C4819: The file contains a character that cannot be represented in the current code page (936). Save the file in Unicode format to prevent data loss
     1>d:\program files\nvidia\nvidia gpu computing toolkit\cuda\v6.0\include\math_functions.h(4617): warning C4819: The file contains a character that cannot be represented in the current code page (936). Save the file in Unicode format to prevent data loss
     1>d:\program files\nvidia\nvidia gpu computing toolkit\cuda\v6.0\include\math_functions.h(5509): warning C4819: The file contains a character that cannot be represented in the current code page (936). Save the file in Unicode format to prevent data loss
     1>d:\program files\nvidia\nvidia gpu computing toolkit\cuda\v6.0\include\math_functions.h(6392): warning C4819: The file contains a character that cannot be represented in the current code page (936). Save the file in Unicode format to prevent data loss
     1>d:\program files\nvidia\nvidia gpu computing toolkit\cuda\v6.0\include\math_functions.h(7307): warning C4819: The file contains a character that cannot be represented in the current code page (936). Save the file in Unicode format to prevent data loss
     1>d:\program files\nvidia\nvidia gpu computing toolkit\cuda\v6.0\include\device_functions.h : warning C4819: The file contains a character that cannot be represented in the current code page (936). Save the file in Unicode format to prevent data loss
     1>d:\program files\nvidia\nvidia gpu computing toolkit\cuda\v6.0\include\device_functions.h(783): warning C4819: The file contains a character that cannot be represented in the current code page (936). Save the file in Unicode format to prevent data loss
     1>d:\program files\nvidia\nvidia gpu computing toolkit\cuda\v6.0\include\device_functions.h(1659): warning C4819: The file contains a character that cannot be represented in the current code page (936). Save the file in Unicode format to prevent data loss
     1>d:\program files\nvidia\nvidia gpu computing toolkit\cuda\v6.0\include\sm_13_double_functions.h : warning C4819: The file contains a character that cannot be represented in the current code page (936). Save the file in Unicode format to prevent data loss
     1>D:/workspace/PhysiAnim/FinalProj/cuda/FinalProject-PBDWater-master/src/kernel.cu(25): warning : variable "starMass" was declared but never referenced
         
     1>d:\workspace\physianim\finalproj\cuda\finalproject-pbdwater-master\src\glm\core\_swizzle.hpp(64): warning : function "glm::detail::_swizzle_base0<T, N>::elem(size_t) const [with T=T, N=2]" was referenced but not defined
         
     1>d:\workspace\physianim\finalproj\cuda\finalproject-pbdwater-master\src\glm\core\_swizzle.hpp(64): warning : function "glm::detail::_swizzle_base0<T, N>::elem(size_t) const [with T=T, N=3]" was referenced but not defined
         
     1>d:\workspace\physianim\finalproj\cuda\finalproject-pbdwater-master\src\glm\core\_swizzle.hpp(64): warning : function "glm::detail::_swizzle_base0<T, N>::elem(size_t) const [with T=T, N=4]" was referenced but not defined
         
     1>D:\Program Files\NVidia\NVIDIA GPU Computing Toolkit\CUDA\v6.0\include\thrust/detail/swap.h(29): warning : Cannot tell what pointer points to, assuming global memory space
     1>D:\Program Files\NVidia\NVIDIA GPU Computing Toolkit\CUDA\v6.0\include\thrust/detail/swap.h(30): warning : Cannot tell what pointer points to, assuming global memory space
     1>D:\Program Files\NVidia\NVIDIA GPU Computing Toolkit\CUDA\v6.0\include\thrust/detail/swap.h(30): warning : Cannot tell what pointer points to, assuming global memory space
     1>D:\Program Files\NVidia\NVIDIA GPU Computing Toolkit\CUDA\v6.0\include\thrust/detail/swap.h(31): warning : Cannot tell what pointer points to, assuming global memory space
     1>D:\Program Files\NVidia\NVIDIA GPU Computing Toolkit\CUDA\v6.0\include\thrust/detail/swap.h(29): warning : Cannot tell what pointer points to, assuming global memory space
     1>D:\Program Files\NVidia\NVIDIA GPU Computing Toolkit\CUDA\v6.0\include\thrust/detail/swap.h(30): warning : Cannot tell what pointer points to, assuming global memory space
     1>D:\Program Files\NVidia\NVIDIA GPU Computing Toolkit\CUDA\v6.0\include\thrust/detail/swap.h(30): warning : Cannot tell what pointer points to, assuming global memory space
     1>D:\Program Files\NVidia\NVIDIA GPU Computing Toolkit\CUDA\v6.0\include\thrust/detail/swap.h(31): warning : Cannot tell what pointer points to, assuming global memory space
         ./d:\workspace\physianim\finalproj\cuda\finalproject-pbdwater-master\src\glm\core\type_vec4.inl(90): Warning: Cannot tell what pointer points to, assuming global memory space
         ./d:\workspace\physianim\finalproj\cuda\finalproject-pbdwater-master\src\glm\core\type_vec4.inl(90): Warning: Cannot tell what pointer points to, assuming global memory space
         ./d:\workspace\physianim\finalproj\cuda\finalproject-pbdwater-master\src\glm\core\type_vec4.inl(90): Warning: Cannot tell what pointer points to, assuming global memory space
         ./d:\workspace\physianim\finalproj\cuda\finalproject-pbdwater-master\src\glm\core\type_vec4.inl(90): Warning: Cannot tell what pointer points to, assuming global memory space
         ./d:\workspace\physianim\finalproj\cuda\finalproject-pbdwater-master\src\glm\core\type_vec4.inl(90): Warning: Cannot tell what pointer points to, assuming global memory space
         ./d:\workspace\physianim\finalproj\cuda\finalproject-pbdwater-master\src\glm\core\type_vec4.inl(90): Warning: Cannot tell what pointer points to, assuming global memory space
         ./d:\workspace\physianim\finalproj\cuda\finalproject-pbdwater-master\src\glm\core\type_vec4.inl(90): Warning: Cannot tell what pointer points to, assuming global memory space
         ./d:\workspace\physianim\finalproj\cuda\finalproject-pbdwater-master\src\glm\core\type_vec4.inl(90): Warning: Cannot tell what pointer points to, assuming global memory space
         ./d:\workspace\physianim\finalproj\cuda\finalproject-pbdwater-master\src\glm\core\type_vec3.inl(88): Warning: Cannot tell what pointer points to, assuming global memory space
         ./d:\workspace\physianim\finalproj\cuda\finalproject-pbdwater-master\src\glm\core\type_vec3.inl(88): Warning: Cannot tell what pointer points to, assuming global memory space
         ./d:\workspace\physianim\finalproj\cuda\finalproject-pbdwater-master\src\glm\core\type_vec3.inl(88): Warning: Cannot tell what pointer points to, assuming global memory space
         ./d:\workspace\physianim\finalproj\cuda\finalproject-pbdwater-master\src\gridStruct.h(4): Warning: Cannot tell what pointer points to, assuming global memory space
         ./d:\workspace\physianim\finalproj\cuda\finalproject-pbdwater-master\src\glm\core\type_vec3.inl(88): Warning: Cannot tell what pointer points to, assuming global memory space
         ./d:\workspace\physianim\finalproj\cuda\finalproject-pbdwater-master\src\glm\core\type_vec3.inl(88): Warning: Cannot tell what pointer points to, assuming global memory space
         ./d:\workspace\physianim\finalproj\cuda\finalproject-pbdwater-master\src\glm\core\type_vec3.inl(88): Warning: Cannot tell what pointer points to, assuming global memory space
         ./d:\workspace\physianim\finalproj\cuda\finalproject-pbdwater-master\src\glm\core\type_vec3.inl(88): Warning: Cannot tell what pointer points to, assuming global memory space
         ./d:\workspace\physianim\finalproj\cuda\finalproject-pbdwater-master\src\glm\core\type_vec3.inl(88): Warning: Cannot tell what pointer points to, assuming global memory space
         ./d:\workspace\physianim\finalproj\cuda\finalproject-pbdwater-master\src\glm\core\type_vec3.inl(88): Warning: Cannot tell what pointer points to, assuming global memory space
         ./d:\workspace\physianim\finalproj\cuda\finalproject-pbdwater-master\src\glm\core\type_vec3.inl(88): Warning: Cannot tell what pointer points to, assuming global memory space
         ./d:\workspace\physianim\finalproj\cuda\finalproject-pbdwater-master\src\glm\core\type_vec3.inl(88): Warning: Cannot tell what pointer points to, assuming global memory space
         ./d:\workspace\physianim\finalproj\cuda\finalproject-pbdwater-master\src\glm\core\type_vec3.inl(88): Warning: Cannot tell what pointer points to, assuming global memory space
         ./d:\workspace\physianim\finalproj\cuda\finalproject-pbdwater-master\src\glm\core\type_vec4.inl(376): Warning: Cannot tell what pointer points to, assuming global memory space
         ./d:\workspace\physianim\finalproj\cuda\finalproject-pbdwater-master\src\glm\core\type_vec4.inl(376): Warning: Cannot tell what pointer points to, assuming global memory space
         ./d:\workspace\physianim\finalproj\cuda\finalproject-pbdwater-master\src\glm\core\type_vec4.inl(377): Warning: Cannot tell what pointer points to, assuming global memory space
         ./d:\workspace\physianim\finalproj\cuda\finalproject-pbdwater-master\src\glm\core\type_vec4.inl(377): Warning: Cannot tell what pointer points to, assuming global memory space
         ./d:\workspace\physianim\finalproj\cuda\finalproject-pbdwater-master\src\glm\core\type_vec4.inl(378): Warning: Cannot tell what pointer points to, assuming global memory space
         ./d:\workspace\physianim\finalproj\cuda\finalproject-pbdwater-master\src\glm\core\type_vec4.inl(378): Warning: Cannot tell what pointer points to, assuming global memory space
         ./d:\workspace\physianim\finalproj\cuda\finalproject-pbdwater-master\src\glm\core\type_vec4.inl(379): Warning: Cannot tell what pointer points to, assuming global memory space
         ./d:\workspace\physianim\finalproj\cuda\finalproject-pbdwater-master\src\glm\core\type_vec4.inl(379): Warning: Cannot tell what pointer points to, assuming global memory space
         ./d:\workspace\physianim\finalproj\cuda\finalproject-pbdwater-master\src\glm\core\type_vec4.inl(376): Warning: Cannot tell what pointer points to, assuming global memory space
         ./d:\workspace\physianim\finalproj\cuda\finalproject-pbdwater-master\src\glm\core\type_vec4.inl(376): Warning: Cannot tell what pointer points to, assuming global memory space
         ./d:\workspace\physianim\finalproj\cuda\finalproject-pbdwater-master\src\glm\core\type_vec4.inl(377): Warning: Cannot tell what pointer points to, assuming global memory space
         ./d:\workspace\physianim\finalproj\cuda\finalproject-pbdwater-master\src\glm\core\type_vec4.inl(377): Warning: Cannot tell what pointer points to, assuming global memory space
         ./d:\workspace\physianim\finalproj\cuda\finalproject-pbdwater-master\src\glm\core\type_vec4.inl(378): Warning: Cannot tell what pointer points to, assuming global memory space
         ./d:\workspace\physianim\finalproj\cuda\finalproject-pbdwater-master\src\glm\core\type_vec4.inl(378): Warning: Cannot tell what pointer points to, assuming global memory space
         ./d:\workspace\physianim\finalproj\cuda\finalproject-pbdwater-master\src\glm\core\type_vec4.inl(379): Warning: Cannot tell what pointer points to, assuming global memory space
         ./d:\workspace\physianim\finalproj\cuda\finalproject-pbdwater-master\src\glm\core\type_vec4.inl(379): Warning: Cannot tell what pointer points to, assuming global memory space
         ./d:\workspace\physianim\finalproj\cuda\finalproject-pbdwater-master\src\glm\core\type_vec3.inl(237): Warning: Cannot tell what pointer points to, assuming global memory space
         ./d:\workspace\physianim\finalproj\cuda\finalproject-pbdwater-master\src\glm\core\type_vec3.inl(237): Warning: Cannot tell what pointer points to, assuming global memory space
         ./d:\workspace\physianim\finalproj\cuda\finalproject-pbdwater-master\src\glm\core\type_vec3.inl(238): Warning: Cannot tell what pointer points to, assuming global memory space
         ./d:\workspace\physianim\finalproj\cuda\finalproject-pbdwater-master\src\glm\core\type_vec3.inl(238): Warning: Cannot tell what pointer points to, assuming global memory space
         ./d:\workspace\physianim\finalproj\cuda\finalproject-pbdwater-master\src\glm\core\type_vec3.inl(239): Warning: Cannot tell what pointer points to, assuming global memory space
         ./d:\workspace\physianim\finalproj\cuda\finalproject-pbdwater-master\src\glm\core\type_vec3.inl(239): Warning: Cannot tell what pointer points to, assuming global memory space
         ./d:\workspace\physianim\finalproj\cuda\finalproject-pbdwater-master\src\gridStruct.h(5): Warning: Cannot tell what pointer points to, assuming global memory space
         ./d:\workspace\physianim\finalproj\cuda\finalproject-pbdwater-master\src\gridStruct.h(5): Warning: Cannot tell what pointer points to, assuming global memory space
         ./d:\workspace\physianim\finalproj\cuda\finalproject-pbdwater-master\src\glm\core\type_vec3.inl(237): Warning: Cannot tell what pointer points to, assuming global memory space
         ./d:\workspace\physianim\finalproj\cuda\finalproject-pbdwater-master\src\glm\core\type_vec3.inl(237): Warning: Cannot tell what pointer points to, assuming global memory space
         ./d:\workspace\physianim\finalproj\cuda\finalproject-pbdwater-master\src\glm\core\type_vec3.inl(238): Warning: Cannot tell what pointer points to, assuming global memory space
         ./d:\workspace\physianim\finalproj\cuda\finalproject-pbdwater-master\src\glm\core\type_vec3.inl(238): Warning: Cannot tell what pointer points to, assuming global memory space
         ./d:\workspace\physianim\finalproj\cuda\finalproject-pbdwater-master\src\glm\core\type_vec3.inl(239): Warning: Cannot tell what pointer points to, assuming global memory space
         ./d:\workspace\physianim\finalproj\cuda\finalproject-pbdwater-master\src\glm\core\type_vec3.inl(239): Warning: Cannot tell what pointer points to, assuming global memory space
         ./d:\workspace\physianim\finalproj\cuda\finalproject-pbdwater-master\src\glm\core\type_vec3.inl(237): Warning: Cannot tell what pointer points to, assuming global memory space
         ./d:\workspace\physianim\finalproj\cuda\finalproject-pbdwater-master\src\glm\core\type_vec3.inl(237): Warning: Cannot tell what pointer points to, assuming global memory space
         ./d:\workspace\physianim\finalproj\cuda\finalproject-pbdwater-master\src\glm\core\type_vec3.inl(238): Warning: Cannot tell what pointer points to, assuming global memory space
         ./d:\workspace\physianim\finalproj\cuda\finalproject-pbdwater-master\src\glm\core\type_vec3.inl(238): Warning: Cannot tell what pointer points to, assuming global memory space
         ./d:\workspace\physianim\finalproj\cuda\finalproject-pbdwater-master\src\glm\core\type_vec3.inl(239): Warning: Cannot tell what pointer points to, assuming global memory space
         ./d:\workspace\physianim\finalproj\cuda\finalproject-pbdwater-master\src\glm\core\type_vec3.inl(239): Warning: Cannot tell what pointer points to, assuming global memory space
         ./d:\workspace\physianim\finalproj\cuda\finalproject-pbdwater-master\src\glm\core\type_vec3.inl(237): Warning: Cannot tell what pointer points to, assuming global memory space
         ./d:\workspace\physianim\finalproj\cuda\finalproject-pbdwater-master\src\glm\core\type_vec3.inl(237): Warning: Cannot tell what pointer points to, assuming global memory space
         ./d:\workspace\physianim\finalproj\cuda\finalproject-pbdwater-master\src\glm\core\type_vec3.inl(238): Warning: Cannot tell what pointer points to, assuming global memory space
         ./d:\workspace\physianim\finalproj\cuda\finalproject-pbdwater-master\src\glm\core\type_vec3.inl(238): Warning: Cannot tell what pointer points to, assuming global memory space
         ./d:\workspace\physianim\finalproj\cuda\finalproject-pbdwater-master\src\glm\core\type_vec3.inl(239): Warning: Cannot tell what pointer points to, assuming global memory space
         ./d:\workspace\physianim\finalproj\cuda\finalproject-pbdwater-master\src\glm\core\type_vec3.inl(239): Warning: Cannot tell what pointer points to, assuming global memory space
         ./d:\workspace\physianim\finalproj\cuda\finalproject-pbdwater-master\src\glm\core\type_vec4.inl(376): Warning: Cannot tell what pointer points to, assuming global memory space
         ./d:\workspace\physianim\finalproj\cuda\finalproject-pbdwater-master\src\glm\core\type_vec4.inl(377): Warning: Cannot tell what pointer points to, assuming global memory space
         ./d:\workspace\physianim\finalproj\cuda\finalproject-pbdwater-master\src\glm\core\type_vec4.inl(378): Warning: Cannot tell what pointer points to, assuming global memory space
         ./d:\workspace\physianim\finalproj\cuda\finalproject-pbdwater-master\src\glm\core\type_vec4.inl(379): Warning: Cannot tell what pointer points to, assuming global memory space
         ./d:\workspace\physianim\finalproj\cuda\finalproject-pbdwater-master\src\glm\core\type_vec4.inl(376): Warning: Cannot tell what pointer points to, assuming global memory space
         ./d:\workspace\physianim\finalproj\cuda\finalproject-pbdwater-master\src\glm\core\type_vec4.inl(377): Warning: Cannot tell what pointer points to, assuming global memory space
         ./d:\workspace\physianim\finalproj\cuda\finalproject-pbdwater-master\src\glm\core\type_vec4.inl(378): Warning: Cannot tell what pointer points to, assuming global memory space
         ./d:\workspace\physianim\finalproj\cuda\finalproject-pbdwater-master\src\glm\core\type_vec4.inl(379): Warning: Cannot tell what pointer points to, assuming global memory space
         ./d:\workspace\physianim\finalproj\cuda\finalproject-pbdwater-master\src\glm\core\type_vec3.inl(237): Warning: Cannot tell what pointer points to, assuming global memory space
         ./d:\workspace\physianim\finalproj\cuda\finalproject-pbdwater-master\src\glm\core\type_vec3.inl(238): Warning: Cannot tell what pointer points to, assuming global memory space
         ./d:\workspace\physianim\finalproj\cuda\finalproject-pbdwater-master\src\glm\core\type_vec3.inl(239): Warning: Cannot tell what pointer points to, assuming global memory space
         ./d:\workspace\physianim\finalproj\cuda\finalproject-pbdwater-master\src\gridStruct.h(5): Warning: Cannot tell what pointer points to, assuming global memory space
         ./d:\workspace\physianim\finalproj\cuda\finalproject-pbdwater-master\src\glm\core\type_vec3.inl(237): Warning: Cannot tell what pointer points to, assuming global memory space
         ./d:\workspace\physianim\finalproj\cuda\finalproject-pbdwater-master\src\glm\core\type_vec3.inl(238): Warning: Cannot tell what pointer points to, assuming global memory space
         ./d:\workspace\physianim\finalproj\cuda\finalproject-pbdwater-master\src\glm\core\type_vec3.inl(239): Warning: Cannot tell what pointer points to, assuming global memory space
         ./d:\workspace\physianim\finalproj\cuda\finalproject-pbdwater-master\src\glm\core\type_vec3.inl(237): Warning: Cannot tell what pointer points to, assuming global memory space
         ./d:\workspace\physianim\finalproj\cuda\finalproject-pbdwater-master\src\glm\core\type_vec3.inl(238): Warning: Cannot tell what pointer points to, assuming global memory space
         ./d:\workspace\physianim\finalproj\cuda\finalproject-pbdwater-master\src\glm\core\type_vec3.inl(239): Warning: Cannot tell what pointer points to, assuming global memory space
         ./d:\workspace\physianim\finalproj\cuda\finalproject-pbdwater-master\src\glm\core\type_vec3.inl(237): Warning: Cannot tell what pointer points to, assuming global memory space
         ./d:\workspace\physianim\finalproj\cuda\finalproject-pbdwater-master\src\glm\core\type_vec3.inl(238): Warning: Cannot tell what pointer points to, assuming global memory space
         ./d:\workspace\physianim\finalproj\cuda\finalproject-pbdwater-master\src\glm\core\type_vec3.inl(239): Warning: Cannot tell what pointer points to, assuming global memory space
         ./d:\workspace\physianim\finalproj\cuda\finalproject-pbdwater-master\src\glm\core\type_vec4.inl(90): Warning: Cannot tell what pointer points to, assuming global memory space
         ./d:\workspace\physianim\finalproj\cuda\finalproject-pbdwater-master\src\glm\core\type_vec4.inl(90): Warning: Cannot tell what pointer points to, assuming global memory space
         ./d:\workspace\physianim\finalproj\cuda\finalproject-pbdwater-master\src\glm\core\type_vec4.inl(90): Warning: Cannot tell what pointer points to, assuming global memory space
         ./d:\workspace\physianim\finalproj\cuda\finalproject-pbdwater-master\src\glm\core\type_vec4.inl(90): Warning: Cannot tell what pointer points to, assuming global memory space
         ./d:\workspace\physianim\finalproj\cuda\finalproject-pbdwater-master\src\glm\core\type_vec4.inl(90): Warning: Cannot tell what pointer points to, assuming global memory space
         ./d:\workspace\physianim\finalproj\cuda\finalproject-pbdwater-master\src\glm\core\type_vec4.inl(90): Warning: Cannot tell what pointer points to, assuming global memory space
         ./d:\workspace\physianim\finalproj\cuda\finalproject-pbdwater-master\src\glm\core\type_vec4.inl(90): Warning: Cannot tell what pointer points to, assuming global memory space
         ./d:\workspace\physianim\finalproj\cuda\finalproject-pbdwater-master\src\glm\core\type_vec4.inl(90): Warning: Cannot tell what pointer points to, assuming global memory space
         ./d:\workspace\physianim\finalproj\cuda\finalproject-pbdwater-master\src\glm\core\type_vec3.inl(88): Warning: Cannot tell what pointer points to, assuming global memory space
         ./d:\workspace\physianim\finalproj\cuda\finalproject-pbdwater-master\src\glm\core\type_vec3.inl(88): Warning: Cannot tell what pointer points to, assuming global memory space
         ./d:\workspace\physianim\finalproj\cuda\finalproject-pbdwater-master\src\glm\core\type_vec3.inl(88): Warning: Cannot tell what pointer points to, assuming global memory space
         ./d:\workspace\physianim\finalproj\cuda\finalproject-pbdwater-master\src\gridStruct.h(4): Warning: Cannot tell what pointer points to, assuming global memory space
         ./d:\workspace\physianim\finalproj\cuda\finalproject-pbdwater-master\src\glm\core\type_vec3.inl(88): Warning: Cannot tell what pointer points to, assuming global memory space
         ./d:\workspace\physianim\finalproj\cuda\finalproject-pbdwater-master\src\glm\core\type_vec3.inl(88): Warning: Cannot tell what pointer points to, assuming global memory space
         ./d:\workspace\physianim\finalproj\cuda\finalproject-pbdwater-master\src\glm\core\type_vec3.inl(88): Warning: Cannot tell what pointer points to, assuming global memory space
         ./d:\workspace\physianim\finalproj\cuda\finalproject-pbdwater-master\src\glm\core\type_vec3.inl(88): Warning: Cannot tell what pointer points to, assuming global memory space
         ./d:\workspace\physianim\finalproj\cuda\finalproject-pbdwater-master\src\glm\core\type_vec3.inl(88): Warning: Cannot tell what pointer points to, assuming global memory space
         ./d:\workspace\physianim\finalproj\cuda\finalproject-pbdwater-master\src\glm\core\type_vec3.inl(88): Warning: Cannot tell what pointer points to, assuming global memory space
         ./d:\workspace\physianim\finalproj\cuda\finalproject-pbdwater-master\src\glm\core\type_vec3.inl(88): Warning: Cannot tell what pointer points to, assuming global memory space
         ./d:\workspace\physianim\finalproj\cuda\finalproject-pbdwater-master\src\glm\core\type_vec3.inl(88): Warning: Cannot tell what pointer points to, assuming global memory space
         ./d:\workspace\physianim\finalproj\cuda\finalproject-pbdwater-master\src\glm\core\type_vec3.inl(88): Warning: Cannot tell what pointer points to, assuming global memory space
         ./d:\workspace\physianim\finalproj\cuda\finalproject-pbdwater-master\src\glm\core\type_vec4.inl(376): Warning: Cannot tell what pointer points to, assuming global memory space
         ./d:\workspace\physianim\finalproj\cuda\finalproject-pbdwater-master\src\glm\core\type_vec4.inl(376): Warning: Cannot tell what pointer points to, assuming global memory space
         ./d:\workspace\physianim\finalproj\cuda\finalproject-pbdwater-master\src\glm\core\type_vec4.inl(377): Warning: Cannot tell what pointer points to, assuming global memory space
         ./d:\workspace\physianim\finalproj\cuda\finalproject-pbdwater-master\src\glm\core\type_vec4.inl(377): Warning: Cannot tell what pointer points to, assuming global memory space
         ./d:\workspace\physianim\finalproj\cuda\finalproject-pbdwater-master\src\glm\core\type_vec4.inl(378): Warning: Cannot tell what pointer points to, assuming global memory space
         ./d:\workspace\physianim\finalproj\cuda\finalproject-pbdwater-master\src\glm\core\type_vec4.inl(378): Warning: Cannot tell what pointer points to, assuming global memory space
         ./d:\workspace\physianim\finalproj\cuda\finalproject-pbdwater-master\src\glm\core\type_vec4.inl(379): Warning: Cannot tell what pointer points to, assuming global memory space
         ./d:\workspace\physianim\finalproj\cuda\finalproject-pbdwater-master\src\glm\core\type_vec4.inl(379): Warning: Cannot tell what pointer points to, assuming global memory space
         ./d:\workspace\physianim\finalproj\cuda\finalproject-pbdwater-master\src\glm\core\type_vec4.inl(376): Warning: Cannot tell what pointer points to, assuming global memory space
         ./d:\workspace\physianim\finalproj\cuda\finalproject-pbdwater-master\src\glm\core\type_vec4.inl(376): Warning: Cannot tell what pointer points to, assuming global memory space
         ./d:\workspace\physianim\finalproj\cuda\finalproject-pbdwater-master\src\glm\core\type_vec4.inl(377): Warning: Cannot tell what pointer points to, assuming global memory space
         ./d:\workspace\physianim\finalproj\cuda\finalproject-pbdwater-master\src\glm\core\type_vec4.inl(377): Warning: Cannot tell what pointer points to, assuming global memory space
         ./d:\workspace\physianim\finalproj\cuda\finalproject-pbdwater-master\src\glm\core\type_vec4.inl(378): Warning: Cannot tell what pointer points to, assuming global memory space
         ./d:\workspace\physianim\finalproj\cuda\finalproject-pbdwater-master\src\glm\core\type_vec4.inl(378): Warning: Cannot tell what pointer points to, assuming global memory space
         ./d:\workspace\physianim\finalproj\cuda\finalproject-pbdwater-master\src\glm\core\type_vec4.inl(379): Warning: Cannot tell what pointer points to, assuming global memory space
         ./d:\workspace\physianim\finalproj\cuda\finalproject-pbdwater-master\src\glm\core\type_vec4.inl(379): Warning: Cannot tell what pointer points to, assuming global memory space
         ./d:\workspace\physianim\finalproj\cuda\finalproject-pbdwater-master\src\glm\core\type_vec3.inl(237): Warning: Cannot tell what pointer points to, assuming global memory space
         ./d:\workspace\physianim\finalproj\cuda\finalproject-pbdwater-master\src\glm\core\type_vec3.inl(237): Warning: Cannot tell what pointer points to, assuming global memory space
         ./d:\workspace\physianim\finalproj\cuda\finalproject-pbdwater-master\src\glm\core\type_vec3.inl(238): Warning: Cannot tell what pointer points to, assuming global memory space
         ./d:\workspace\physianim\finalproj\cuda\finalproject-pbdwater-master\src\glm\core\type_vec3.inl(238): Warning: Cannot tell what pointer points to, assuming global memory space
         ./d:\workspace\physianim\finalproj\cuda\finalproject-pbdwater-master\src\glm\core\type_vec3.inl(239): Warning: Cannot tell what pointer points to, assuming global memory space
         ./d:\workspace\physianim\finalproj\cuda\finalproject-pbdwater-master\src\glm\core\type_vec3.inl(239): Warning: Cannot tell what pointer points to, assuming global memory space
         ./d:\workspace\physianim\finalproj\cuda\finalproject-pbdwater-master\src\gridStruct.h(5): Warning: Cannot tell what pointer points to, assuming global memory space
         ./d:\workspace\physianim\finalproj\cuda\finalproject-pbdwater-master\src\gridStruct.h(5): Warning: Cannot tell what pointer points to, assuming global memory space
         ./d:\workspace\physianim\finalproj\cuda\finalproject-pbdwater-master\src\glm\core\type_vec3.inl(237): Warning: Cannot tell what pointer points to, assuming global memory space
         ./d:\workspace\physianim\finalproj\cuda\finalproject-pbdwater-master\src\glm\core\type_vec3.inl(237): Warning: Cannot tell what pointer points to, assuming global memory space
         ./d:\workspace\physianim\finalproj\cuda\finalproject-pbdwater-master\src\glm\core\type_vec3.inl(238): Warning: Cannot tell what pointer points to, assuming global memory space
         ./d:\workspace\physianim\finalproj\cuda\finalproject-pbdwater-master\src\glm\core\type_vec3.inl(238): Warning: Cannot tell what pointer points to, assuming global memory space
         ./d:\workspace\physianim\finalproj\cuda\finalproject-pbdwater-master\src\glm\core\type_vec3.inl(239): Warning: Cannot tell what pointer points to, assuming global memory space
         ./d:\workspace\physianim\finalproj\cuda\finalproject-pbdwater-master\src\glm\core\type_vec3.inl(239): Warning: Cannot tell what pointer points to, assuming global memory space
         ./d:\workspace\physianim\finalproj\cuda\finalproject-pbdwater-master\src\glm\core\type_vec3.inl(237): Warning: Cannot tell what pointer points to, assuming global memory space
         ./d:\workspace\physianim\finalproj\cuda\finalproject-pbdwater-master\src\glm\core\type_vec3.inl(237): Warning: Cannot tell what pointer points to, assuming global memory space
         ./d:\workspace\physianim\finalproj\cuda\finalproject-pbdwater-master\src\glm\core\type_vec3.inl(238): Warning: Cannot tell what pointer points to, assuming global memory space
         ./d:\workspace\physianim\finalproj\cuda\finalproject-pbdwater-master\src\glm\core\type_vec3.inl(238): Warning: Cannot tell what pointer points to, assuming global memory space
         ./d:\workspace\physianim\finalproj\cuda\finalproject-pbdwater-master\src\glm\core\type_vec3.inl(239): Warning: Cannot tell what pointer points to, assuming global memory space
         ./d:\workspace\physianim\finalproj\cuda\finalproject-pbdwater-master\src\glm\core\type_vec3.inl(239): Warning: Cannot tell what pointer points to, assuming global memory space
         ./d:\workspace\physianim\finalproj\cuda\finalproject-pbdwater-master\src\glm\core\type_vec3.inl(237): Warning: Cannot tell what pointer points to, assuming global memory space
         ./d:\workspace\physianim\finalproj\cuda\finalproject-pbdwater-master\src\glm\core\type_vec3.inl(237): Warning: Cannot tell what pointer points to, assuming global memory space
         ./d:\workspace\physianim\finalproj\cuda\finalproject-pbdwater-master\src\glm\core\type_vec3.inl(238): Warning: Cannot tell what pointer points to, assuming global memory space
         ./d:\workspace\physianim\finalproj\cuda\finalproject-pbdwater-master\src\glm\core\type_vec3.inl(238): Warning: Cannot tell what pointer points to, assuming global memory space
         ./d:\workspace\physianim\finalproj\cuda\finalproject-pbdwater-master\src\glm\core\type_vec3.inl(239): Warning: Cannot tell what pointer points to, assuming global memory space
         ./d:\workspace\physianim\finalproj\cuda\finalproject-pbdwater-master\src\glm\core\type_vec3.inl(239): Warning: Cannot tell what pointer points to, assuming global memory space
         ./d:\workspace\physianim\finalproj\cuda\finalproject-pbdwater-master\src\glm\core\type_vec4.inl(376): Warning: Cannot tell what pointer points to, assuming global memory space
         ./d:\workspace\physianim\finalproj\cuda\finalproject-pbdwater-master\src\glm\core\type_vec4.inl(377): Warning: Cannot tell what pointer points to, assuming global memory space
         ./d:\workspace\physianim\finalproj\cuda\finalproject-pbdwater-master\src\glm\core\type_vec4.inl(378): Warning: Cannot tell what pointer points to, assuming global memory space
         ./d:\workspace\physianim\finalproj\cuda\finalproject-pbdwater-master\src\glm\core\type_vec4.inl(379): Warning: Cannot tell what pointer points to, assuming global memory space
         ./d:\workspace\physianim\finalproj\cuda\finalproject-pbdwater-master\src\glm\core\type_vec4.inl(376): Warning: Cannot tell what pointer points to, assuming global memory space
         ./d:\workspace\physianim\finalproj\cuda\finalproject-pbdwater-master\src\glm\core\type_vec4.inl(377): Warning: Cannot tell what pointer points to, assuming global memory space
         ./d:\workspace\physianim\finalproj\cuda\finalproject-pbdwater-master\src\glm\core\type_vec4.inl(378): Warning: Cannot tell what pointer points to, assuming global memory space
         ./d:\workspace\physianim\finalproj\cuda\finalproject-pbdwater-master\src\glm\core\type_vec4.inl(379): Warning: Cannot tell what pointer points to, assuming global memory space
         ./d:\workspace\physianim\finalproj\cuda\finalproject-pbdwater-master\src\glm\core\type_vec3.inl(237): Warning: Cannot tell what pointer points to, assuming global memory space
         ./d:\workspace\physianim\finalproj\cuda\finalproject-pbdwater-master\src\glm\core\type_vec3.inl(238): Warning: Cannot tell what pointer points to, assuming global memory space
         ./d:\workspace\physianim\finalproj\cuda\finalproject-pbdwater-master\src\glm\core\type_vec3.inl(239): Warning: Cannot tell what pointer points to, assuming global memory space
         ./d:\workspace\physianim\finalproj\cuda\finalproject-pbdwater-master\src\gridStruct.h(5): Warning: Cannot tell what pointer points to, assuming global memory space
         ./d:\workspace\physianim\finalproj\cuda\finalproject-pbdwater-master\src\glm\core\type_vec3.inl(237): Warning: Cannot tell what pointer points to, assuming global memory space
         ./d:\workspace\physianim\finalproj\cuda\finalproject-pbdwater-master\src\glm\core\type_vec3.inl(238): Warning: Cannot tell what pointer points to, assuming global memory space
         ./d:\workspace\physianim\finalproj\cuda\finalproject-pbdwater-master\src\glm\core\type_vec3.inl(239): Warning: Cannot tell what pointer points to, assuming global memory space
         ./d:\workspace\physianim\finalproj\cuda\finalproject-pbdwater-master\src\glm\core\type_vec3.inl(237): Warning: Cannot tell what pointer points to, assuming global memory space
         ./d:\workspace\physianim\finalproj\cuda\finalproject-pbdwater-master\src\glm\core\type_vec3.inl(238): Warning: Cannot tell what pointer points to, assuming global memory space
         ./d:\workspace\physianim\finalproj\cuda\finalproject-pbdwater-master\src\glm\core\type_vec3.inl(239): Warning: Cannot tell what pointer points to, assuming global memory space
         ./d:\workspace\physianim\finalproj\cuda\finalproject-pbdwater-master\src\glm\core\type_vec3.inl(237): Warning: Cannot tell what pointer points to, assuming global memory space
         ./d:\workspace\physianim\finalproj\cuda\finalproject-pbdwater-master\src\glm\core\type_vec3.inl(238): Warning: Cannot tell what pointer points to, assuming global memory space
         ./d:\workspace\physianim\finalproj\cuda\finalproject-pbdwater-master\src\glm\core\type_vec3.inl(239): Warning: Cannot tell what pointer points to, assuming global memory space
     1>D:\Program Files\NVidia\NVIDIA GPU Computing Toolkit\CUDA\v6.0\include\thrust/detail/tuple.inl(296): warning : Cannot tell what pointer points to, assuming global memory space
     1>D:\Program Files\NVidia\NVIDIA GPU Computing Toolkit\CUDA\v6.0\include\thrust/detail/functional/operators/operator_adaptors.h(108): warning : Cannot tell what pointer points to, assuming global memory space
     1>D:\Program Files\NVidia\NVIDIA GPU Computing Toolkit\CUDA\v6.0\include\thrust/functional.h(307): warning : Cannot tell what pointer points to, assuming global memory space
     1>D:\Program Files\NVidia\NVIDIA GPU Computing Toolkit\CUDA\v6.0\include\thrust/functional.h(195): warning : Cannot tell what pointer points to, assuming global memory space
     1>D:\Program Files\NVidia\NVIDIA GPU Computing Toolkit\CUDA\v6.0\include\thrust/functional.h(195): warning : Cannot tell what pointer points to, assuming global memory space
     1>D:\Program Files\NVidia\NVIDIA GPU Computing Toolkit\CUDA\v6.0\include\thrust/detail/internal_functional.h(340): warning : Cannot tell what pointer points to, assuming global memory space
     1>D:\Program Files\NVidia\NVIDIA GPU Computing Toolkit\CUDA\v6.0\include\thrust/detail/tuple.inl(296): warning : Cannot tell what pointer points to, assuming global memory space
     1>D:\Program Files\NVidia\NVIDIA GPU Computing Toolkit\CUDA\v6.0\include\thrust/detail/functional/operators/operator_adaptors.h(108): warning : Cannot tell what pointer points to, assuming global memory space
     1>D:\Program Files\NVidia\NVIDIA GPU Computing Toolkit\CUDA\v6.0\include\thrust/functional.h(307): warning : Cannot tell what pointer points to, assuming global memory space
     1>D:\Program Files\NVidia\NVIDIA GPU Computing Toolkit\CUDA\v6.0\include\thrust/functional.h(195): warning : Cannot tell what pointer points to, assuming global memory space
     1>D:\Program Files\NVidia\NVIDIA GPU Computing Toolkit\CUDA\v6.0\include\thrust/functional.h(195): warning : Cannot tell what pointer points to, assuming global memory space
     1>D:\Program Files\NVidia\NVIDIA GPU Computing Toolkit\CUDA\v6.0\include\thrust/detail/internal_functional.h(340): warning : Cannot tell what pointer points to, assuming global memory space
     1>D:\Program Files\NVidia\NVIDIA GPU Computing Toolkit\CUDA\v6.0\include\thrust/system/cuda/detail/get_value.h(65): warning : Cannot tell what pointer points to, assuming global memory space
         ./d:\workspace\physianim\finalproj\cuda\finalproject-pbdwater-master\src\glm\core\type_vec4.inl(376): Warning: Cannot tell what pointer points to, assuming global memory space
         ./d:\workspace\physianim\finalproj\cuda\finalproject-pbdwater-master\src\glm\core\type_vec4.inl(376): Warning: Cannot tell what pointer points to, assuming global memory space
         ./d:\workspace\physianim\finalproj\cuda\finalproject-pbdwater-master\src\glm\core\type_vec4.inl(377): Warning: Cannot tell what pointer points to, assuming global memory space
         ./d:\workspace\physianim\finalproj\cuda\finalproject-pbdwater-master\src\glm\core\type_vec4.inl(377): Warning: Cannot tell what pointer points to, assuming global memory space
         ./d:\workspace\physianim\finalproj\cuda\finalproject-pbdwater-master\src\glm\core\type_vec4.inl(378): Warning: Cannot tell what pointer points to, assuming global memory space
         ./d:\workspace\physianim\finalproj\cuda\finalproject-pbdwater-master\src\glm\core\type_vec4.inl(378): Warning: Cannot tell what pointer points to, assuming global memory space
         ./d:\workspace\physianim\finalproj\cuda\finalproject-pbdwater-master\src\glm\core\type_vec4.inl(379): Warning: Cannot tell what pointer points to, assuming global memory space
         ./d:\workspace\physianim\finalproj\cuda\finalproject-pbdwater-master\src\glm\core\type_vec4.inl(379): Warning: Cannot tell what pointer points to, assuming global memory space
         ./d:\workspace\physianim\finalproj\cuda\finalproject-pbdwater-master\src\glm\core\type_vec4.inl(376): Warning: Cannot tell what pointer points to, assuming global memory space
         ./d:\workspace\physianim\finalproj\cuda\finalproject-pbdwater-master\src\glm\core\type_vec4.inl(376): Warning: Cannot tell what pointer points to, assuming global memory space
         ./d:\workspace\physianim\finalproj\cuda\finalproject-pbdwater-master\src\glm\core\type_vec4.inl(377): Warning: Cannot tell what pointer points to, assuming global memory space
         ./d:\workspace\physianim\finalproj\cuda\finalproject-pbdwater-master\src\glm\core\type_vec4.inl(377): Warning: Cannot tell what pointer points to, assuming global memory space
         ./d:\workspace\physianim\finalproj\cuda\finalproject-pbdwater-master\src\glm\core\type_vec4.inl(378): Warning: Cannot tell what pointer points to, assuming global memory space
         ./d:\workspace\physianim\finalproj\cuda\finalproject-pbdwater-master\src\glm\core\type_vec4.inl(378): Warning: Cannot tell what pointer points to, assuming global memory space
         ./d:\workspace\physianim\finalproj\cuda\finalproject-pbdwater-master\src\glm\core\type_vec4.inl(379): Warning: Cannot tell what pointer points to, assuming global memory space
         ./d:\workspace\physianim\finalproj\cuda\finalproject-pbdwater-master\src\glm\core\type_vec4.inl(379): Warning: Cannot tell what pointer points to, assuming global memory space
         ./d:\workspace\physianim\finalproj\cuda\finalproject-pbdwater-master\src\glm\core\type_vec3.inl(237): Warning: Cannot tell what pointer points to, assuming global memory space
         ./d:\workspace\physianim\finalproj\cuda\finalproject-pbdwater-master\src\glm\core\type_vec3.inl(237): Warning: Cannot tell what pointer points to, assuming global memory space
         ./d:\workspace\physianim\finalproj\cuda\finalproject-pbdwater-master\src\glm\core\type_vec3.inl(238): Warning: Cannot tell what pointer points to, assuming global memory space
         ./d:\workspace\physianim\finalproj\cuda\finalproject-pbdwater-master\src\glm\core\type_vec3.inl(238): Warning: Cannot tell what pointer points to, assuming global memory space
         ./d:\workspace\physianim\finalproj\cuda\finalproject-pbdwater-master\src\glm\core\type_vec3.inl(239): Warning: Cannot tell what pointer points to, assuming global memory space
         ./d:\workspace\physianim\finalproj\cuda\finalproject-pbdwater-master\src\glm\core\type_vec3.inl(239): Warning: Cannot tell what pointer points to, assuming global memory space
         ./d:\workspace\physianim\finalproj\cuda\finalproject-pbdwater-master\src\gridStruct.h(5): Warning: Cannot tell what pointer points to, assuming global memory space
         ./d:\workspace\physianim\finalproj\cuda\finalproject-pbdwater-master\src\gridStruct.h(5): Warning: Cannot tell what pointer points to, assuming global memory space
         ./d:\workspace\physianim\finalproj\cuda\finalproject-pbdwater-master\src\glm\core\type_vec3.inl(237): Warning: Cannot tell what pointer points to, assuming global memory space
         ./d:\workspace\physianim\finalproj\cuda\finalproject-pbdwater-master\src\glm\core\type_vec3.inl(237): Warning: Cannot tell what pointer points to, assuming global memory space
         ./d:\workspace\physianim\finalproj\cuda\finalproject-pbdwater-master\src\glm\core\type_vec3.inl(238): Warning: Cannot tell what pointer points to, assuming global memory space
         ./d:\workspace\physianim\finalproj\cuda\finalproject-pbdwater-master\src\glm\core\type_vec3.inl(238): Warning: Cannot tell what pointer points to, assuming global memory space
         ./d:\workspace\physianim\finalproj\cuda\finalproject-pbdwater-master\src\glm\core\type_vec3.inl(239): Warning: Cannot tell what pointer points to, assuming global memory space
         ./d:\workspace\physianim\finalproj\cuda\finalproject-pbdwater-master\src\glm\core\type_vec3.inl(239): Warning: Cannot tell what pointer points to, assuming global memory space
         ./d:\workspace\physianim\finalproj\cuda\finalproject-pbdwater-master\src\glm\core\type_vec3.inl(237): Warning: Cannot tell what pointer points to, assuming global memory space
         ./d:\workspace\physianim\finalproj\cuda\finalproject-pbdwater-master\src\glm\core\type_vec3.inl(237): Warning: Cannot tell what pointer points to, assuming global memory space
         ./d:\workspace\physianim\finalproj\cuda\finalproject-pbdwater-master\src\glm\core\type_vec3.inl(238): Warning: Cannot tell what pointer points to, assuming global memory space
         ./d:\workspace\physianim\finalproj\cuda\finalproject-pbdwater-master\src\glm\core\type_vec3.inl(238): Warning: Cannot tell what pointer points to, assuming global memory space
         ./d:\workspace\physianim\finalproj\cuda\finalproject-pbdwater-master\src\glm\core\type_vec3.inl(239): Warning: Cannot tell what pointer points to, assuming global memory space
         ./d:\workspace\physianim\finalproj\cuda\finalproject-pbdwater-master\src\glm\core\type_vec3.inl(239): Warning: Cannot tell what pointer points to, assuming global memory space
         ./d:\workspace\physianim\finalproj\cuda\finalproject-pbdwater-master\src\glm\core\type_vec3.inl(237): Warning: Cannot tell what pointer points to, assuming global memory space
         ./d:\workspace\physianim\finalproj\cuda\finalproject-pbdwater-master\src\glm\core\type_vec3.inl(237): Warning: Cannot tell what pointer points to, assuming global memory space
         ./d:\workspace\physianim\finalproj\cuda\finalproject-pbdwater-master\src\glm\core\type_vec3.inl(238): Warning: Cannot tell what pointer points to, assuming global memory space
         ./d:\workspace\physianim\finalproj\cuda\finalproject-pbdwater-master\src\glm\core\type_vec3.inl(238): Warning: Cannot tell what pointer points to, assuming global memory space
         ./d:\workspace\physianim\finalproj\cuda\finalproject-pbdwater-master\src\glm\core\type_vec3.inl(239): Warning: Cannot tell what pointer points to, assuming global memory space
         ./d:\workspace\physianim\finalproj\cuda\finalproject-pbdwater-master\src\glm\core\type_vec3.inl(239): Warning: Cannot tell what pointer points to, assuming global memory space
     1>D:\Program Files\NVidia\NVIDIA GPU Computing Toolkit\CUDA\v6.0\include\thrust/system/cuda/detail/get_value.h(65): warning : Cannot tell what pointer points to, assuming global memory space
         ./d:\workspace\physianim\finalproj\cuda\finalproject-pbdwater-master\src\glm\core\type_vec4.inl(376): Warning: Cannot tell what pointer points to, assuming global memory space
         ./d:\workspace\physianim\finalproj\cuda\finalproject-pbdwater-master\src\glm\core\type_vec4.inl(376): Warning: Cannot tell what pointer points to, assuming global memory space
         ./d:\workspace\physianim\finalproj\cuda\finalproject-pbdwater-master\src\glm\core\type_vec4.inl(377): Warning: Cannot tell what pointer points to, assuming global memory space
         ./d:\workspace\physianim\finalproj\cuda\finalproject-pbdwater-master\src\glm\core\type_vec4.inl(377): Warning: Cannot tell what pointer points to, assuming global memory space
         ./d:\workspace\physianim\finalproj\cuda\finalproject-pbdwater-master\src\glm\core\type_vec4.inl(378): Warning: Cannot tell what pointer points to, assuming global memory space
         ./d:\workspace\physianim\finalproj\cuda\finalproject-pbdwater-master\src\glm\core\type_vec4.inl(378): Warning: Cannot tell what pointer points to, assuming global memory space
         ./d:\workspace\physianim\finalproj\cuda\finalproject-pbdwater-master\src\glm\core\type_vec4.inl(379): Warning: Cannot tell what pointer points to, assuming global memory space
         ./d:\workspace\physianim\finalproj\cuda\finalproject-pbdwater-master\src\glm\core\type_vec4.inl(379): Warning: Cannot tell what pointer points to, assuming global memory space
         ./d:\workspace\physianim\finalproj\cuda\finalproject-pbdwater-master\src\glm\core\type_vec4.inl(376): Warning: Cannot tell what pointer points to, assuming global memory space
         ./d:\workspace\physianim\finalproj\cuda\finalproject-pbdwater-master\src\glm\core\type_vec4.inl(376): Warning: Cannot tell what pointer points to, assuming global memory space
         ./d:\workspace\physianim\finalproj\cuda\finalproject-pbdwater-master\src\glm\core\type_vec4.inl(377): Warning: Cannot tell what pointer points to, assuming global memory space
         ./d:\workspace\physianim\finalproj\cuda\finalproject-pbdwater-master\src\glm\core\type_vec4.inl(377): Warning: Cannot tell what pointer points to, assuming global memory space
         ./d:\workspace\physianim\finalproj\cuda\finalproject-pbdwater-master\src\glm\core\type_vec4.inl(378): Warning: Cannot tell what pointer points to, assuming global memory space
         ./d:\workspace\physianim\finalproj\cuda\finalproject-pbdwater-master\src\glm\core\type_vec4.inl(378): Warning: Cannot tell what pointer points to, assuming global memory space
         ./d:\workspace\physianim\finalproj\cuda\finalproject-pbdwater-master\src\glm\core\type_vec4.inl(379): Warning: Cannot tell what pointer points to, assuming global memory space
         ./d:\workspace\physianim\finalproj\cuda\finalproject-pbdwater-master\src\glm\core\type_vec4.inl(379): Warning: Cannot tell what pointer points to, assuming global memory space
         ./d:\workspace\physianim\finalproj\cuda\finalproject-pbdwater-master\src\glm\core\type_vec3.inl(237): Warning: Cannot tell what pointer points to, assuming global memory space
         ./d:\workspace\physianim\finalproj\cuda\finalproject-pbdwater-master\src\glm\core\type_vec3.inl(237): Warning: Cannot tell what pointer points to, assuming global memory space
         ./d:\workspace\physianim\finalproj\cuda\finalproject-pbdwater-master\src\glm\core\type_vec3.inl(238): Warning: Cannot tell what pointer points to, assuming global memory space
         ./d:\workspace\physianim\finalproj\cuda\finalproject-pbdwater-master\src\glm\core\type_vec3.inl(238): Warning: Cannot tell what pointer points to, assuming global memory space
         ./d:\workspace\physianim\finalproj\cuda\finalproject-pbdwater-master\src\glm\core\type_vec3.inl(239): Warning: Cannot tell what pointer points to, assuming global memory space
         ./d:\workspace\physianim\finalproj\cuda\finalproject-pbdwater-master\src\glm\core\type_vec3.inl(239): Warning: Cannot tell what pointer points to, assuming global memory space
         ./d:\workspace\physianim\finalproj\cuda\finalproject-pbdwater-master\src\gridStruct.h(5): Warning: Cannot tell what pointer points to, assuming global memory space
         ./d:\workspace\physianim\finalproj\cuda\finalproject-pbdwater-master\src\gridStruct.h(5): Warning: Cannot tell what pointer points to, assuming global memory space
         ./d:\workspace\physianim\finalproj\cuda\finalproject-pbdwater-master\src\glm\core\type_vec3.inl(237): Warning: Cannot tell what pointer points to, assuming global memory space
         ./d:\workspace\physianim\finalproj\cuda\finalproject-pbdwater-master\src\glm\core\type_vec3.inl(237): Warning: Cannot tell what pointer points to, assuming global memory space
         ./d:\workspace\physianim\finalproj\cuda\finalproject-pbdwater-master\src\glm\core\type_vec3.inl(238): Warning: Cannot tell what pointer points to, assuming global memory space
         ./d:\workspace\physianim\finalproj\cuda\finalproject-pbdwater-master\src\glm\core\type_vec3.inl(238): Warning: Cannot tell what pointer points to, assuming global memory space
         ./d:\workspace\physianim\finalproj\cuda\finalproject-pbdwater-master\src\glm\core\type_vec3.inl(239): Warning: Cannot tell what pointer points to, assuming global memory space
         ./d:\workspace\physianim\finalproj\cuda\finalproject-pbdwater-master\src\glm\core\type_vec3.inl(239): Warning: Cannot tell what pointer points to, assuming global memory space
         ./d:\workspace\physianim\finalproj\cuda\finalproject-pbdwater-master\src\glm\core\type_vec3.inl(237): Warning: Cannot tell what pointer points to, assuming global memory space
         ./d:\workspace\physianim\finalproj\cuda\finalproject-pbdwater-master\src\glm\core\type_vec3.inl(237): Warning: Cannot tell what pointer points to, assuming global memory space
         ./d:\workspace\physianim\finalproj\cuda\finalproject-pbdwater-master\src\glm\core\type_vec3.inl(238): Warning: Cannot tell what pointer points to, assuming global memory space
         ./d:\workspace\physianim\finalproj\cuda\finalproject-pbdwater-master\src\glm\core\type_vec3.inl(238): Warning: Cannot tell what pointer points to, assuming global memory space
         ./d:\workspace\physianim\finalproj\cuda\finalproject-pbdwater-master\src\glm\core\type_vec3.inl(239): Warning: Cannot tell what pointer points to, assuming global memory space
         ./d:\workspace\physianim\finalproj\cuda\finalproject-pbdwater-master\src\glm\core\type_vec3.inl(239): Warning: Cannot tell what pointer points to, assuming global memory space
         ./d:\workspace\physianim\finalproj\cuda\finalproject-pbdwater-master\src\glm\core\type_vec3.inl(237): Warning: Cannot tell what pointer points to, assuming global memory space
         ./d:\workspace\physianim\finalproj\cuda\finalproject-pbdwater-master\src\glm\core\type_vec3.inl(237): Warning: Cannot tell what pointer points to, assuming global memory space
         ./d:\workspace\physianim\finalproj\cuda\finalproject-pbdwater-master\src\glm\core\type_vec3.inl(238): Warning: Cannot tell what pointer points to, assuming global memory space
         ./d:\workspace\physianim\finalproj\cuda\finalproject-pbdwater-master\src\glm\core\type_vec3.inl(238): Warning: Cannot tell what pointer points to, assuming global memory space
         ./d:\workspace\physianim\finalproj\cuda\finalproject-pbdwater-master\src\glm\core\type_vec3.inl(239): Warning: Cannot tell what pointer points to, assuming global memory space
         ./d:\workspace\physianim\finalproj\cuda\finalproject-pbdwater-master\src\glm\core\type_vec3.inl(239): Warning: Cannot tell what pointer points to, assuming global memory space
     1>ptxas : warning : Command line option '--generate-line-info' not supported for 'sm_1x architecture', will be ignored
         ptxas C:/Users/chiwsy/AppData/Local/Temp/tmpxft_00000648_00000000-7_kernel.compute_10.ptx, line 2253; : warning : Double is not supported. Demoting to float
     1>d:\program files\nvidia\nvidia gpu computing toolkit\cuda\v6.0\include\math_functions.h : warning C4819: The file contains a character that cannot be represented in the current code page (936). Save the file in Unicode format to prevent data loss
     1>d:\program files\nvidia\nvidia gpu computing toolkit\cuda\v6.0\include\math_functions.h(870): warning C4819: The file contains a character that cannot be represented in the current code page (936). Save the file in Unicode format to prevent data loss
     1>d:\program files\nvidia\nvidia gpu computing toolkit\cuda\v6.0\include\math_functions.h(1850): warning C4819: The file contains a character that cannot be represented in the current code page (936). Save the file in Unicode format to prevent data loss
     1>d:\program files\nvidia\nvidia gpu computing toolkit\cuda\v6.0\include\math_functions.h(2751): warning C4819: The file contains a character that cannot be represented in the current code page (936). Save the file in Unicode format to prevent data loss
     1>d:\program files\nvidia\nvidia gpu computing toolkit\cuda\v6.0\include\math_functions.h(3698): warning C4819: The file contains a character that cannot be represented in the current code page (936). Save the file in Unicode format to prevent data loss
     1>d:\program files\nvidia\nvidia gpu computing toolkit\cuda\v6.0\include\math_functions.h(4617): warning C4819: The file contains a character that cannot be represented in the current code page (936). Save the file in Unicode format to prevent data loss
     1>d:\program files\nvidia\nvidia gpu computing toolkit\cuda\v6.0\include\math_functions.h(5509): warning C4819: The file contains a character that cannot be represented in the current code page (936). Save the file in Unicode format to prevent data loss
     1>d:\program files\nvidia\nvidia gpu computing toolkit\cuda\v6.0\include\math_functions.h(6392): warning C4819: The file contains a character that cannot be represented in the current code page (936). Save the file in Unicode format to prevent data loss
     1>d:\program files\nvidia\nvidia gpu computing toolkit\cuda\v6.0\include\math_functions.h(7307): warning C4819: The file contains a character that cannot be represented in the current code page (936). Save the file in Unicode format to prevent data loss
     1>d:\program files\nvidia\nvidia gpu computing toolkit\cuda\v6.0\include\device_functions.h : warning C4819: The file contains a character that cannot be represented in the current code page (936). Save the file in Unicode format to prevent data loss
     1>d:\program files\nvidia\nvidia gpu computing toolkit\cuda\v6.0\include\device_functions.h(783): warning C4819: The file contains a character that cannot be represented in the current code page (936). Save the file in Unicode format to prevent data loss
     1>d:\program files\nvidia\nvidia gpu computing toolkit\cuda\v6.0\include\device_functions.h(1659): warning C4819: The file contains a character that cannot be represented in the current code page (936). Save the file in Unicode format to prevent data loss
     1>d:\program files\nvidia\nvidia gpu computing toolkit\cuda\v6.0\include\sm_13_double_functions.h : warning C4819: The file contains a character that cannot be represented in the current code page (936). Save the file in Unicode format to prevent data loss
     1>D:/workspace/PhysiAnim/FinalProj/cuda/FinalProject-PBDWater-master/src/kernel.cu(25): warning : variable "starMass" was declared but never referenced
         
     1>d:\workspace\physianim\finalproj\cuda\finalproject-pbdwater-master\src\glm\core\_swizzle.hpp(64): warning : function "glm::detail::_swizzle_base0<T, N>::elem(size_t) const [with T=T, N=2]" was referenced but not defined
         
     1>d:\workspace\physianim\finalproj\cuda\finalproject-pbdwater-master\src\glm\core\_swizzle.hpp(64): warning : function "glm::detail::_swizzle_base0<T, N>::elem(size_t) const [with T=T, N=3]" was referenced but not defined
         
     1>d:\workspace\physianim\finalproj\cuda\finalproject-pbdwater-master\src\glm\core\_swizzle.hpp(64): warning : function "glm::detail::_swizzle_base0<T, N>::elem(size_t) const [with T=T, N=4]" was referenced but not defined
         
     1>D:\Program Files\NVidia\NVIDIA GPU Computing Toolkit\CUDA\v6.0\include\thrust/random/detail/subtract_with_carry_engine.inl(31): warning C4819: The file contains a character that cannot be represented in the current code page (936). Save the file in Unicode format to prevent data loss
     1>d:\program files\nvidia\nvidia gpu computing toolkit\cuda\v6.0\include\math_functions.h : warning C4819: The file contains a character that cannot be represented in the current code page (936). Save the file in Unicode format to prevent data loss
     1>d:\program files\nvidia\nvidia gpu computing toolkit\cuda\v6.0\include\math_functions.h(870): warning C4819: The file contains a character that cannot be represented in the current code page (936). Save the file in Unicode format to prevent data loss
     1>d:\program files\nvidia\nvidia gpu computing toolkit\cuda\v6.0\include\math_functions.h(1850): warning C4819: The file contains a character that cannot be represented in the current code page (936). Save the file in Unicode format to prevent data loss
     1>d:\program files\nvidia\nvidia gpu computing toolkit\cuda\v6.0\include\math_functions.h(2751): warning C4819: The file contains a character that cannot be represented in the current code page (936). Save the file in Unicode format to prevent data loss
     1>d:\program files\nvidia\nvidia gpu computing toolkit\cuda\v6.0\include\math_functions.h(3698): warning C4819: The file contains a character that cannot be represented in the current code page (936). Save the file in Unicode format to prevent data loss
     1>d:\program files\nvidia\nvidia gpu computing toolkit\cuda\v6.0\include\math_functions.h(4617): warning C4819: The file contains a character that cannot be represented in the current code page (936). Save the file in Unicode format to prevent data loss
     1>d:\program files\nvidia\nvidia gpu computing toolkit\cuda\v6.0\include\math_functions.h(5509): warning C4819: The file contains a character that cannot be represented in the current code page (936). Save the file in Unicode format to prevent data loss
     1>d:\program files\nvidia\nvidia gpu computing toolkit\cuda\v6.0\include\math_functions.h(6392): warning C4819: The file contains a character that cannot be represented in the current code page (936). Save the file in Unicode format to prevent data loss
     1>d:\program files\nvidia\nvidia gpu computing toolkit\cuda\v6.0\include\math_functions.h(7307): warning C4819: The file contains a character that cannot be represented in the current code page (936). Save the file in Unicode format to prevent data loss
         kernel.cu
     1>D:\Program Files\NVidia\NVIDIA GPU Computing Toolkit\CUDA\v6.0\include\thrust/random/detail/xor_combine_engine.inl(74): warning C4819: The file contains a character that cannot be represented in the current code page (936). Save the file in Unicode format to prevent data loss
     1>D:/workspace/PhysiAnim/FinalProj/cuda/FinalProject-PBDWater-master/src/kernel.cu(73): warning C4244: 'argument' : conversion from 'float' to 'unsigned int', possible loss of data
     1>D:/workspace/PhysiAnim/FinalProj/cuda/FinalProject-PBDWater-master/src/kernel.cu(617): warning C4305: '+=' : truncation from 'double' to 'float'
       ClCompile:
         d:\Program Files\Microsoft Visual Studio 10.0\VC\bin\CL.exe /c /I"D:\Program Files\NVidia\NVIDIA GPU Computing Toolkit\CUDA\v6.0\include" /I"D:\Program Files\NVidia\NVIDIA GPU Computing Toolkit\CUDA\v6.0\Samples\common\inc" /I../shared/glew/includes /I../shared/freeglut/includes /ZI /nologo /W3 /WX- /Od /Oy- /D WIN32 /D _DEBUG /D _CONSOLE /D _MBCS /Gm /EHsc /RTC1 /MDd /GS /fp:precise /Zc:wchar_t /Zc:forScope /Fo"Debug\\" /Fd"Debug\vc100.pdb" /Gd /TP /analyze- /errorReport:prompt ..\..\src\main.cpp
         main.cpp
         Note: including lib: glut32.lib
         
     1>d:\workspace\physianim\finalproj\cuda\finalproject-pbdwater-master\src\main.cpp(52): warning C4018: '<' : signed/unsigned mismatch
     1>d:\workspace\physianim\finalproj\cuda\finalproject-pbdwater-master\src\main.cpp(64): warning C4101: 'passthroughProgram' : unreferenced local variable
     1>d:\workspace\physianim\finalproj\cuda\finalproject-pbdwater-master\src\main.cpp(149): warning C4996: 'sprintf': This function or variable may be unsafe. Consider using sprintf_s instead. To disable deprecation, use _CRT_SECURE_NO_WARNINGS. See online help for details.
                 d:\program files\microsoft visual studio 10.0\vc\include\stdio.h(371) : see declaration of 'sprintf'
       Link:
         d:\Program Files\Microsoft Visual Studio 10.0\VC\bin\link.exe /ERRORREPORT:PROMPT /OUT:"D:\workspace\PhysiAnim\FinalProj\cuda\FinalProject-PBDWater-master\PROJ_WIN\Debug\FinalProject.exe" /INCREMENTAL:NO /NOLOGO /LIBPATH:../shared/glew/lib /LIBPATH:../shared/freeglut/lib /LIBPATH:"D:\Program Files\NVidia\NVIDIA GPU Computing Toolkit\CUDA\v6.0\lib\Win32" cudart.lib glew32.lib glu32.lib opengl32.lib kernel32.lib user32.lib gdi32.lib winspool.lib comdlg32.lib advapi32.lib shell32.lib ole32.lib oleaut32.lib uuid.lib odbc32.lib odbccp32.lib kernel32.lib user32.lib gdi32.lib winspool.lib comdlg32.lib advapi32.lib shell32.lib ole32.lib oleaut32.lib uuid.lib odbc32.lib odbccp32.lib /MANIFEST /ManifestFile:"Debug\FinalProject.exe.intermediate.manifest" /MANIFESTUAC:"level='asInvoker' uiAccess='false'" /DEBUG /PDB:"D:\workspace\PhysiAnim\FinalProj\cuda\FinalProject-PBDWater-master\PROJ_WIN\Debug\FinalProject.pdb" /SUBSYSTEM:CONSOLE /TLBID:1 /ENTRY:"mainCRTStartup" /DYNAMICBASE /NXCOMPAT /IMPLIB:"D:\workspace\PhysiAnim\FinalProj\cuda\FinalProject-PBDWater-master\PROJ_WIN\Debug\FinalProject.lib" /MACHINE:X86 "D:\workspace\PhysiAnim\FinalProj\cuda\FinalProject-PBDWater-master\PROJ_WIN\Project3\Win32/Debug/kernel.cu.obj"
         Debug\glslUtility.obj
         Debug\main.obj
         Debug\obj.obj
         Debug\objloader.obj
         Debug\scene.obj
         Debug\utilities.obj
     1>glslUtility.obj : warning LNK4075: ignoring '/EDITANDCONTINUE' due to '/INCREMENTAL:NO' specification
         Project3.vcxproj -> D:\workspace\PhysiAnim\FinalProj\cuda\FinalProject-PBDWater-master\PROJ_WIN\Debug\FinalProject.exe
       Manifest:
         C:\Program Files (x86)\Microsoft SDKs\Windows\v7.0A\bin\mt.exe /nologo /verbose /outputresource:"D:\workspace\PhysiAnim\FinalProj\cuda\FinalProject-PBDWater-master\PROJ_WIN\Debug\FinalProject.exe;#1" /manifest Debug\FinalProject.exe.intermediate.manifest
       FinalizeBuildStatus:
         Deleting file "Debug\FinalProject.unsuccessfulbuild".
         Touching "Debug\FinalProject.lastbuildstate".
     1>Done Building Project "D:\workspace\PhysiAnim\FinalProj\cuda\FinalProject-PBDWater-master\PROJ_WIN\Project3\Project3.vcxproj" (build target(s)).

Build succeeded.

Time Elapsed 00:01:06.75
